# Logfile created on 2014-01-04 21:38:07 -0600 by logger.rb/36483
I, [2014-01-04T21:38:07.142645 #2225]  INFO -- : 0:  rake (10.1.1) from /Library/Ruby/Gems/2.0.0/specifications/rake-10.1.1.gemspec
I, [2014-01-04T21:38:07.143244 #2225]  INFO -- : 0:  i18n (0.6.9) from /Library/Ruby/Gems/2.0.0/specifications/i18n-0.6.9.gemspec
I, [2014-01-04T21:38:07.143628 #2225]  INFO -- : 0:  minitest (4.7.5) from /Library/Ruby/Gems/2.0.0/specifications/minitest-4.7.5.gemspec
I, [2014-01-04T21:38:07.143983 #2225]  INFO -- : 0:  multi_json (1.8.2) from /Library/Ruby/Gems/2.0.0/specifications/multi_json-1.8.2.gemspec
I, [2014-01-04T21:38:07.144347 #2225]  INFO -- : 0:  atomic (1.1.14) from /Library/Ruby/Gems/2.0.0/specifications/atomic-1.1.14.gemspec
I, [2014-01-04T21:38:07.144773 #2225]  INFO -- : 0:  thread_safe (0.1.3) from /Library/Ruby/Gems/2.0.0/specifications/thread_safe-0.1.3.gemspec
I, [2014-01-04T21:38:07.145197 #2225]  INFO -- : 0:  tzinfo (0.3.38) from /Library/Ruby/Gems/2.0.0/specifications/tzinfo-0.3.38.gemspec
I, [2014-01-04T21:38:07.145597 #2225]  INFO -- : 0:  activesupport (4.0.2) from /Library/Ruby/Gems/2.0.0/specifications/activesupport-4.0.2.gemspec
I, [2014-01-04T21:38:07.145973 #2225]  INFO -- : 0:  builder (3.1.4) from /Library/Ruby/Gems/2.0.0/specifications/builder-3.1.4.gemspec
I, [2014-01-04T21:38:07.146339 #2225]  INFO -- : 0:  erubis (2.7.0) from /Library/Ruby/Gems/2.0.0/specifications/erubis-2.7.0.gemspec
I, [2014-01-04T21:38:07.146697 #2225]  INFO -- : 0:  rack (1.5.2) from /Library/Ruby/Gems/2.0.0/specifications/rack-1.5.2.gemspec
I, [2014-01-04T21:38:07.147080 #2225]  INFO -- : 0:  rack-test (0.6.2) from /Library/Ruby/Gems/2.0.0/specifications/rack-test-0.6.2.gemspec
I, [2014-01-04T21:38:07.147444 #2225]  INFO -- : 0:  actionpack (4.0.2) from /Library/Ruby/Gems/2.0.0/specifications/actionpack-4.0.2.gemspec
I, [2014-01-04T21:38:07.147811 #2225]  INFO -- : 0:  mime-types (1.25.1) from /Library/Ruby/Gems/2.0.0/specifications/mime-types-1.25.1.gemspec
I, [2014-01-04T21:38:07.148176 #2225]  INFO -- : 0:  polyglot (0.3.3) from /Library/Ruby/Gems/2.0.0/specifications/polyglot-0.3.3.gemspec
I, [2014-01-04T21:38:07.148546 #2225]  INFO -- : 0:  treetop (1.4.15) from /Library/Ruby/Gems/2.0.0/specifications/treetop-1.4.15.gemspec
I, [2014-01-04T21:38:07.148994 #2225]  INFO -- : 0:  mail (2.5.4) from /Library/Ruby/Gems/2.0.0/specifications/mail-2.5.4.gemspec
I, [2014-01-04T21:38:07.149360 #2225]  INFO -- : 0:  actionmailer (4.0.2) from /Library/Ruby/Gems/2.0.0/specifications/actionmailer-4.0.2.gemspec
I, [2014-01-04T21:38:07.149729 #2225]  INFO -- : 0:  activemodel (4.0.2) from /Library/Ruby/Gems/2.0.0/specifications/activemodel-4.0.2.gemspec
I, [2014-01-04T21:38:07.150097 #2225]  INFO -- : 0:  activerecord-deprecated_finders (1.0.3) from /Library/Ruby/Gems/2.0.0/specifications/activerecord-deprecated_finders-1.0.3.gemspec
I, [2014-01-04T21:38:07.150479 #2225]  INFO -- : 0:  arel (4.0.1) from /Library/Ruby/Gems/2.0.0/specifications/arel-4.0.1.gemspec
I, [2014-01-04T21:38:07.150889 #2225]  INFO -- : 0:  activerecord (4.0.2) from /Library/Ruby/Gems/2.0.0/specifications/activerecord-4.0.2.gemspec
I, [2014-01-04T21:38:07.151226 #2225]  INFO -- : 0:  bundler (1.5.1) from /Library/Ruby/Gems/2.0.0/specifications/bundler-1.5.1.gemspec
I, [2014-01-04T21:38:07.151612 #2225]  INFO -- : 0:  coffee-script-source (1.6.3) from /Library/Ruby/Gems/2.0.0/specifications/coffee-script-source-1.6.3.gemspec
I, [2014-01-04T21:38:07.151991 #2225]  INFO -- : 0:  execjs (2.0.2) from /Library/Ruby/Gems/2.0.0/specifications/execjs-2.0.2.gemspec
I, [2014-01-04T21:38:07.152378 #2225]  INFO -- : 0:  coffee-script (2.2.0) from /Library/Ruby/Gems/2.0.0/specifications/coffee-script-2.2.0.gemspec
I, [2014-01-04T21:38:07.152744 #2225]  INFO -- : 0:  thor (0.18.1) from /Library/Ruby/Gems/2.0.0/specifications/thor-0.18.1.gemspec
I, [2014-01-04T21:38:07.153120 #2225]  INFO -- : 0:  railties (4.0.2) from /Library/Ruby/Gems/2.0.0/specifications/railties-4.0.2.gemspec
I, [2014-01-04T21:38:07.153597 #2225]  INFO -- : 0:  coffee-rails (4.0.1) from /Library/Ruby/Gems/2.0.0/specifications/coffee-rails-4.0.1.gemspec
I, [2014-01-04T21:38:07.154057 #2225]  INFO -- : 0:  hike (1.2.3) from /Library/Ruby/Gems/2.0.0/specifications/hike-1.2.3.gemspec
I, [2014-01-04T21:38:07.154489 #2225]  INFO -- : 0:  jbuilder (1.5.3) from /Library/Ruby/Gems/2.0.0/specifications/jbuilder-1.5.3.gemspec
I, [2014-01-04T21:38:07.154847 #2225]  INFO -- : 0:  jquery-rails (3.0.4) from /Library/Ruby/Gems/2.0.0/specifications/jquery-rails-3.0.4.gemspec
I, [2014-01-04T21:38:07.155224 #2225]  INFO -- : 0:  json (1.8.1) from /Library/Ruby/Gems/2.0.0/specifications/json-1.8.1.gemspec
I, [2014-01-04T21:38:07.155602 #2225]  INFO -- : 0:  tilt (1.4.1) from /Library/Ruby/Gems/2.0.0/specifications/tilt-1.4.1.gemspec
I, [2014-01-04T21:38:07.155983 #2225]  INFO -- : 0:  sprockets (2.10.1) from /Library/Ruby/Gems/2.0.0/specifications/sprockets-2.10.1.gemspec
I, [2014-01-04T21:38:07.156344 #2225]  INFO -- : 0:  sprockets-rails (2.0.1) from /Library/Ruby/Gems/2.0.0/specifications/sprockets-rails-2.0.1.gemspec
I, [2014-01-04T21:38:07.156708 #2225]  INFO -- : 0:  rails (4.0.2) from /Library/Ruby/Gems/2.0.0/specifications/rails-4.0.2.gemspec
I, [2014-01-04T21:38:07.157118 #2225]  INFO -- : 0:  rdoc (3.12.2) from /Library/Ruby/Gems/2.0.0/specifications/rdoc-3.12.2.gemspec
I, [2014-01-04T21:38:07.157549 #2225]  INFO -- : 0:  sass (3.2.13) from /Library/Ruby/Gems/2.0.0/specifications/sass-3.2.13.gemspec
I, [2014-01-04T21:38:07.157937 #2225]  INFO -- : 0:  sass-rails (4.0.1) from /Library/Ruby/Gems/2.0.0/specifications/sass-rails-4.0.1.gemspec
I, [2014-01-04T21:38:07.158363 #2225]  INFO -- : 0:  sdoc (0.3.20) from /Library/Ruby/Gems/2.0.0/specifications/sdoc-0.3.20.gemspec
I, [2014-01-04T21:38:07.158785 #2225]  INFO -- : 0:  sqlite3 (1.3.8) from /Library/Ruby/Gems/2.0.0/specifications/sqlite3-1.3.8.gemspec
I, [2014-01-04T21:38:07.159168 #2225]  INFO -- : 0:  turbolinks (2.1.0) from /Library/Ruby/Gems/2.0.0/specifications/turbolinks-2.1.0.gemspec
I, [2014-01-04T21:38:07.159532 #2225]  INFO -- : 0:  uglifier (2.4.0) from /Library/Ruby/Gems/2.0.0/specifications/uglifier-2.4.0.gemspec
I, [2014-01-04T21:59:39.223341 #2295]  INFO -- : 0:  rake (10.1.1) from /Library/Ruby/Gems/2.0.0/specifications/rake-10.1.1.gemspec
I, [2014-01-04T21:59:39.235745 #2295]  INFO -- : 0:  i18n (0.6.9) from /Library/Ruby/Gems/2.0.0/specifications/i18n-0.6.9.gemspec
I, [2014-01-04T21:59:39.236422 #2295]  INFO -- : 0:  minitest (4.7.5) from /Library/Ruby/Gems/2.0.0/specifications/minitest-4.7.5.gemspec
I, [2014-01-04T21:59:39.237011 #2295]  INFO -- : 0:  multi_json (1.8.2) from /Library/Ruby/Gems/2.0.0/specifications/multi_json-1.8.2.gemspec
I, [2014-01-04T21:59:39.237711 #2295]  INFO -- : 0:  atomic (1.1.14) from /Library/Ruby/Gems/2.0.0/specifications/atomic-1.1.14.gemspec
I, [2014-01-04T21:59:39.238286 #2295]  INFO -- : 0:  thread_safe (0.1.3) from /Library/Ruby/Gems/2.0.0/specifications/thread_safe-0.1.3.gemspec
I, [2014-01-04T21:59:39.238776 #2295]  INFO -- : 0:  tzinfo (0.3.38) from /Library/Ruby/Gems/2.0.0/specifications/tzinfo-0.3.38.gemspec
I, [2014-01-04T21:59:39.239322 #2295]  INFO -- : 0:  activesupport (4.0.2) from /Library/Ruby/Gems/2.0.0/specifications/activesupport-4.0.2.gemspec
I, [2014-01-04T21:59:39.239791 #2295]  INFO -- : 0:  builder (3.1.4) from /Library/Ruby/Gems/2.0.0/specifications/builder-3.1.4.gemspec
I, [2014-01-04T21:59:39.240234 #2295]  INFO -- : 0:  erubis (2.7.0) from /Library/Ruby/Gems/2.0.0/specifications/erubis-2.7.0.gemspec
I, [2014-01-04T21:59:39.240705 #2295]  INFO -- : 0:  rack (1.5.2) from /Library/Ruby/Gems/2.0.0/specifications/rack-1.5.2.gemspec
I, [2014-01-04T21:59:39.241176 #2295]  INFO -- : 0:  rack-test (0.6.2) from /Library/Ruby/Gems/2.0.0/specifications/rack-test-0.6.2.gemspec
I, [2014-01-04T21:59:39.241644 #2295]  INFO -- : 0:  actionpack (4.0.2) from /Library/Ruby/Gems/2.0.0/specifications/actionpack-4.0.2.gemspec
I, [2014-01-04T21:59:39.242106 #2295]  INFO -- : 0:  mime-types (1.25.1) from /Library/Ruby/Gems/2.0.0/specifications/mime-types-1.25.1.gemspec
I, [2014-01-04T21:59:39.242607 #2295]  INFO -- : 0:  polyglot (0.3.3) from /Library/Ruby/Gems/2.0.0/specifications/polyglot-0.3.3.gemspec
I, [2014-01-04T21:59:39.243120 #2295]  INFO -- : 0:  treetop (1.4.15) from /Library/Ruby/Gems/2.0.0/specifications/treetop-1.4.15.gemspec
I, [2014-01-04T21:59:39.243587 #2295]  INFO -- : 0:  mail (2.5.4) from /Library/Ruby/Gems/2.0.0/specifications/mail-2.5.4.gemspec
I, [2014-01-04T21:59:39.244085 #2295]  INFO -- : 0:  actionmailer (4.0.2) from /Library/Ruby/Gems/2.0.0/specifications/actionmailer-4.0.2.gemspec
I, [2014-01-04T21:59:39.244586 #2295]  INFO -- : 0:  activemodel (4.0.2) from /Library/Ruby/Gems/2.0.0/specifications/activemodel-4.0.2.gemspec
I, [2014-01-04T21:59:39.245350 #2295]  INFO -- : 0:  activerecord-deprecated_finders (1.0.3) from /Library/Ruby/Gems/2.0.0/specifications/activerecord-deprecated_finders-1.0.3.gemspec
I, [2014-01-04T21:59:39.245811 #2295]  INFO -- : 0:  arel (4.0.1) from /Library/Ruby/Gems/2.0.0/specifications/arel-4.0.1.gemspec
I, [2014-01-04T21:59:39.246307 #2295]  INFO -- : 0:  activerecord (4.0.2) from /Library/Ruby/Gems/2.0.0/specifications/activerecord-4.0.2.gemspec
I, [2014-01-04T21:59:39.246790 #2295]  INFO -- : 0:  bundler (1.5.1) from /Library/Ruby/Gems/2.0.0/specifications/bundler-1.5.1.gemspec
I, [2014-01-04T21:59:39.247248 #2295]  INFO -- : 0:  coffee-script-source (1.6.3) from /Library/Ruby/Gems/2.0.0/specifications/coffee-script-source-1.6.3.gemspec
I, [2014-01-04T21:59:39.247634 #2295]  INFO -- : 0:  execjs (2.0.2) from /Library/Ruby/Gems/2.0.0/specifications/execjs-2.0.2.gemspec
I, [2014-01-04T21:59:39.248048 #2295]  INFO -- : 0:  coffee-script (2.2.0) from /Library/Ruby/Gems/2.0.0/specifications/coffee-script-2.2.0.gemspec
I, [2014-01-04T21:59:39.248427 #2295]  INFO -- : 0:  thor (0.18.1) from /Library/Ruby/Gems/2.0.0/specifications/thor-0.18.1.gemspec
I, [2014-01-04T21:59:39.248815 #2295]  INFO -- : 0:  railties (4.0.2) from /Library/Ruby/Gems/2.0.0/specifications/railties-4.0.2.gemspec
I, [2014-01-04T21:59:39.249188 #2295]  INFO -- : 0:  coffee-rails (4.0.1) from /Library/Ruby/Gems/2.0.0/specifications/coffee-rails-4.0.1.gemspec
I, [2014-01-04T21:59:39.249587 #2295]  INFO -- : 0:  hike (1.2.3) from /Library/Ruby/Gems/2.0.0/specifications/hike-1.2.3.gemspec
E, [2014-01-04T22:00:27.849202 #2295] ERROR -- : Bundler::GemspecError: Could not read gem at /Library/Ruby/Gems/2.0.0/cache/jbuilder-1.0.2.gem. It may be corrupted.
/Library/Ruby/Gems/2.0.0/gems/bundler-1.5.1/lib/bundler/rubygems_integration.rb:165:in `rescue in spec_from_gem'  \n/Library/Ruby/Gems/2.0.0/gems/bundler-1.5.1/lib/bundler/rubygems_integration.rb:162:in `spec_from_gem'  \n/Library/Ruby/Gems/2.0.0/gems/bundler-1.5.1/lib/bundler/source/rubygems.rb:79:in `install'  \n/Library/Ruby/Gems/2.0.0/gems/bundler-1.5.1/lib/bundler/installer.rb:111:in `block in install_gem_from_spec'  \n/Library/Ruby/Gems/2.0.0/gems/bundler-1.5.1/lib/bundler/rubygems_integration.rb:150:in `with_build_args'  \n/Library/Ruby/Gems/2.0.0/gems/bundler-1.5.1/lib/bundler/installer.rb:110:in `install_gem_from_spec'  \n/Library/Ruby/Gems/2.0.0/gems/bundler-1.5.1/lib/bundler/installer.rb:295:in `block in install_sequentially'  \n/System/Library/Frameworks/Ruby.framework/Versions/2.0/usr/lib/ruby/2.0.0/forwardable.rb:171:in `each'  \n/System/Library/Frameworks/Ruby.framework/Versions/2.0/usr/lib/ruby/2.0.0/forwardable.rb:171:in `each'  \n/Library/Ruby/Gems/2.0.0/gems/bundler-1.5.1/lib/bundler/installer.rb:294:in `install_sequentially'  \n/Library/Ruby/Gems/2.0.0/gems/bundler-1.5.1/lib/bundler/installer.rb:97:in `run'  \n/Library/Ruby/Gems/2.0.0/gems/bundler-1.5.1/lib/bundler/installer.rb:15:in `install'  \n/Library/Ruby/Gems/2.0.0/gems/bundler-1.5.1/lib/bundler/cli.rb:336:in `update'  \n/Library/Ruby/Gems/2.0.0/gems/bundler-1.5.1/lib/bundler/vendor/thor/command.rb:27:in `run'  \n/Library/Ruby/Gems/2.0.0/gems/bundler-1.5.1/lib/bundler/vendor/thor/invocation.rb:120:in `invoke_command'  \n/Library/Ruby/Gems/2.0.0/gems/bundler-1.5.1/lib/bundler/vendor/thor.rb:363:in `dispatch'  \n/Library/Ruby/Gems/2.0.0/gems/bundler-1.5.1/lib/bundler/vendor/thor/base.rb:438:in `start'  \n/Library/Ruby/Gems/2.0.0/gems/bundler-1.5.1/lib/bundler/cli.rb:10:in `start'  \n/Library/Ruby/Gems/2.0.0/gems/bundler-1.5.1/bin/bundle:22:in `block in <top (required)>'  \n/Library/Ruby/Gems/2.0.0/gems/bundler-1.5.1/lib/bundler/friendly_errors.rb:5:in `with_friendly_errors'  \n/Library/Ruby/Gems/2.0.0/gems/bundler-1.5.1/bin/bundle:22:in `<top (required)>'  \n/usr/bin/bundle:23:in `load'  \n/usr/bin/bundle:23:in `<main>'
I, [2014-01-04T22:02:06.625252 #2302]  INFO -- : 0:  rake (10.1.1) from /Library/Ruby/Gems/2.0.0/specifications/rake-10.1.1.gemspec
I, [2014-01-04T22:02:06.625884 #2302]  INFO -- : 0:  i18n (0.6.9) from /Library/Ruby/Gems/2.0.0/specifications/i18n-0.6.9.gemspec
I, [2014-01-04T22:02:06.626264 #2302]  INFO -- : 0:  minitest (4.7.5) from /Library/Ruby/Gems/2.0.0/specifications/minitest-4.7.5.gemspec
I, [2014-01-04T22:02:06.626651 #2302]  INFO -- : 0:  multi_json (1.8.2) from /Library/Ruby/Gems/2.0.0/specifications/multi_json-1.8.2.gemspec
I, [2014-01-04T22:02:06.627019 #2302]  INFO -- : 0:  atomic (1.1.14) from /Library/Ruby/Gems/2.0.0/specifications/atomic-1.1.14.gemspec
I, [2014-01-04T22:02:06.627401 #2302]  INFO -- : 0:  thread_safe (0.1.3) from /Library/Ruby/Gems/2.0.0/specifications/thread_safe-0.1.3.gemspec
I, [2014-01-04T22:02:06.627781 #2302]  INFO -- : 0:  tzinfo (0.3.38) from /Library/Ruby/Gems/2.0.0/specifications/tzinfo-0.3.38.gemspec
I, [2014-01-04T22:02:06.628152 #2302]  INFO -- : 0:  activesupport (4.0.2) from /Library/Ruby/Gems/2.0.0/specifications/activesupport-4.0.2.gemspec
I, [2014-01-04T22:02:06.628505 #2302]  INFO -- : 0:  builder (3.1.4) from /Library/Ruby/Gems/2.0.0/specifications/builder-3.1.4.gemspec
I, [2014-01-04T22:02:06.628869 #2302]  INFO -- : 0:  erubis (2.7.0) from /Library/Ruby/Gems/2.0.0/specifications/erubis-2.7.0.gemspec
I, [2014-01-04T22:02:06.629261 #2302]  INFO -- : 0:  rack (1.5.2) from /Library/Ruby/Gems/2.0.0/specifications/rack-1.5.2.gemspec
I, [2014-01-04T22:02:06.629638 #2302]  INFO -- : 0:  rack-test (0.6.2) from /Library/Ruby/Gems/2.0.0/specifications/rack-test-0.6.2.gemspec
I, [2014-01-04T22:02:06.629984 #2302]  INFO -- : 0:  actionpack (4.0.2) from /Library/Ruby/Gems/2.0.0/specifications/actionpack-4.0.2.gemspec
I, [2014-01-04T22:02:06.631051 #2302]  INFO -- : 0:  mime-types (1.25.1) from /Library/Ruby/Gems/2.0.0/specifications/mime-types-1.25.1.gemspec
I, [2014-01-04T22:02:06.631603 #2302]  INFO -- : 0:  polyglot (0.3.3) from /Library/Ruby/Gems/2.0.0/specifications/polyglot-0.3.3.gemspec
I, [2014-01-04T22:02:06.632187 #2302]  INFO -- : 0:  treetop (1.4.15) from /Library/Ruby/Gems/2.0.0/specifications/treetop-1.4.15.gemspec
I, [2014-01-04T22:02:06.632602 #2302]  INFO -- : 0:  mail (2.5.4) from /Library/Ruby/Gems/2.0.0/specifications/mail-2.5.4.gemspec
I, [2014-01-04T22:02:06.633034 #2302]  INFO -- : 0:  actionmailer (4.0.2) from /Library/Ruby/Gems/2.0.0/specifications/actionmailer-4.0.2.gemspec
I, [2014-01-04T22:02:06.633481 #2302]  INFO -- : 0:  activemodel (4.0.2) from /Library/Ruby/Gems/2.0.0/specifications/activemodel-4.0.2.gemspec
I, [2014-01-04T22:02:06.633943 #2302]  INFO -- : 0:  activerecord-deprecated_finders (1.0.3) from /Library/Ruby/Gems/2.0.0/specifications/activerecord-deprecated_finders-1.0.3.gemspec
I, [2014-01-04T22:02:06.634331 #2302]  INFO -- : 0:  arel (4.0.1) from /Library/Ruby/Gems/2.0.0/specifications/arel-4.0.1.gemspec
I, [2014-01-04T22:02:06.634694 #2302]  INFO -- : 0:  activerecord (4.0.2) from /Library/Ruby/Gems/2.0.0/specifications/activerecord-4.0.2.gemspec
I, [2014-01-04T22:02:06.635026 #2302]  INFO -- : 0:  bundler (1.5.1) from /Library/Ruby/Gems/2.0.0/specifications/bundler-1.5.1.gemspec
I, [2014-01-04T22:02:06.635382 #2302]  INFO -- : 0:  coffee-script-source (1.6.3) from /Library/Ruby/Gems/2.0.0/specifications/coffee-script-source-1.6.3.gemspec
I, [2014-01-04T22:02:06.635752 #2302]  INFO -- : 0:  execjs (2.0.2) from /Library/Ruby/Gems/2.0.0/specifications/execjs-2.0.2.gemspec
I, [2014-01-04T22:02:06.636114 #2302]  INFO -- : 0:  coffee-script (2.2.0) from /Library/Ruby/Gems/2.0.0/specifications/coffee-script-2.2.0.gemspec
I, [2014-01-04T22:02:06.636457 #2302]  INFO -- : 0:  thor (0.18.1) from /Library/Ruby/Gems/2.0.0/specifications/thor-0.18.1.gemspec
I, [2014-01-04T22:02:06.636863 #2302]  INFO -- : 0:  railties (4.0.2) from /Library/Ruby/Gems/2.0.0/specifications/railties-4.0.2.gemspec
I, [2014-01-04T22:02:06.637256 #2302]  INFO -- : 0:  coffee-rails (4.0.1) from /Library/Ruby/Gems/2.0.0/specifications/coffee-rails-4.0.1.gemspec
I, [2014-01-04T22:02:06.637599 #2302]  INFO -- : 0:  hike (1.2.3) from /Library/Ruby/Gems/2.0.0/specifications/hike-1.2.3.gemspec
I, [2014-01-04T22:02:19.256165 #2302]  INFO -- : 0:  jbuilder (1.0.2) from /Library/Ruby/Gems/2.0.0/specifications/jbuilder-1.0.2.gemspec
I, [2014-01-04T22:02:19.260722 #2302]  INFO -- : 0:  jquery-rails (3.0.4) from /Library/Ruby/Gems/2.0.0/specifications/jquery-rails-3.0.4.gemspec
I, [2014-01-04T22:02:19.261353 #2302]  INFO -- : 0:  json (1.8.1) from /Library/Ruby/Gems/2.0.0/specifications/json-1.8.1.gemspec
I, [2014-01-04T22:02:19.261831 #2302]  INFO -- : 0:  tilt (1.4.1) from /Library/Ruby/Gems/2.0.0/specifications/tilt-1.4.1.gemspec
I, [2014-01-04T22:02:19.262304 #2302]  INFO -- : 0:  sprockets (2.10.1) from /Library/Ruby/Gems/2.0.0/specifications/sprockets-2.10.1.gemspec
I, [2014-01-04T22:02:19.262815 #2302]  INFO -- : 0:  sprockets-rails (2.0.1) from /Library/Ruby/Gems/2.0.0/specifications/sprockets-rails-2.0.1.gemspec
I, [2014-01-04T22:02:19.263350 #2302]  INFO -- : 0:  rails (4.0.2) from /Library/Ruby/Gems/2.0.0/specifications/rails-4.0.2.gemspec
I, [2014-01-04T22:02:19.263804 #2302]  INFO -- : 0:  rdoc (3.12.2) from /Library/Ruby/Gems/2.0.0/specifications/rdoc-3.12.2.gemspec
I, [2014-01-04T22:02:19.264335 #2302]  INFO -- : 0:  sass (3.2.13) from /Library/Ruby/Gems/2.0.0/specifications/sass-3.2.13.gemspec
I, [2014-01-04T22:02:19.264793 #2302]  INFO -- : 0:  sass-rails (4.0.1) from /Library/Ruby/Gems/2.0.0/specifications/sass-rails-4.0.1.gemspec
I, [2014-01-04T22:02:19.265254 #2302]  INFO -- : 0:  sdoc (0.3.20) from /Library/Ruby/Gems/2.0.0/specifications/sdoc-0.3.20.gemspec
I, [2014-01-04T22:02:19.265737 #2302]  INFO -- : 0:  sqlite3 (1.3.8) from /Library/Ruby/Gems/2.0.0/specifications/sqlite3-1.3.8.gemspec
I, [2014-01-04T22:02:20.116518 #2302]  INFO -- : 0:  turbolinks (1.1.1) from /Library/Ruby/Gems/2.0.0/specifications/turbolinks-1.1.1.gemspec
I, [2014-01-04T22:02:22.403661 #2302]  INFO -- : 0:  uglifier (2.1.1) from /Library/Ruby/Gems/2.0.0/specifications/uglifier-2.1.1.gemspec
I, [2014-01-04T22:02:43.228226 #2328]  INFO -- : 0:  rake (10.1.1) from /Library/Ruby/Gems/2.0.0/specifications/rake-10.1.1.gemspec
I, [2014-01-04T22:02:43.229120 #2328]  INFO -- : 0:  i18n (0.6.9) from /Library/Ruby/Gems/2.0.0/specifications/i18n-0.6.9.gemspec
I, [2014-01-04T22:02:43.230295 #2328]  INFO -- : 0:  minitest (4.7.5) from /Library/Ruby/Gems/2.0.0/specifications/minitest-4.7.5.gemspec
I, [2014-01-04T22:02:43.230839 #2328]  INFO -- : 0:  multi_json (1.8.2) from /Library/Ruby/Gems/2.0.0/specifications/multi_json-1.8.2.gemspec
I, [2014-01-04T22:02:43.231211 #2328]  INFO -- : 0:  atomic (1.1.14) from /Library/Ruby/Gems/2.0.0/specifications/atomic-1.1.14.gemspec
I, [2014-01-04T22:02:43.231572 #2328]  INFO -- : 0:  thread_safe (0.1.3) from /Library/Ruby/Gems/2.0.0/specifications/thread_safe-0.1.3.gemspec
I, [2014-01-04T22:02:43.231919 #2328]  INFO -- : 0:  tzinfo (0.3.38) from /Library/Ruby/Gems/2.0.0/specifications/tzinfo-0.3.38.gemspec
I, [2014-01-04T22:02:43.232315 #2328]  INFO -- : 0:  activesupport (4.0.2) from /Library/Ruby/Gems/2.0.0/specifications/activesupport-4.0.2.gemspec
I, [2014-01-04T22:02:43.232669 #2328]  INFO -- : 0:  builder (3.1.4) from /Library/Ruby/Gems/2.0.0/specifications/builder-3.1.4.gemspec
I, [2014-01-04T22:02:43.233005 #2328]  INFO -- : 0:  erubis (2.7.0) from /Library/Ruby/Gems/2.0.0/specifications/erubis-2.7.0.gemspec
I, [2014-01-04T22:02:43.233352 #2328]  INFO -- : 0:  rack (1.5.2) from /Library/Ruby/Gems/2.0.0/specifications/rack-1.5.2.gemspec
I, [2014-01-04T22:02:43.233649 #2328]  INFO -- : 0:  rack-test (0.6.2) from /Library/Ruby/Gems/2.0.0/specifications/rack-test-0.6.2.gemspec
I, [2014-01-04T22:02:43.234029 #2328]  INFO -- : 0:  actionpack (4.0.2) from /Library/Ruby/Gems/2.0.0/specifications/actionpack-4.0.2.gemspec
I, [2014-01-04T22:02:43.234420 #2328]  INFO -- : 0:  mime-types (1.25.1) from /Library/Ruby/Gems/2.0.0/specifications/mime-types-1.25.1.gemspec
I, [2014-01-04T22:02:43.234806 #2328]  INFO -- : 0:  polyglot (0.3.3) from /Library/Ruby/Gems/2.0.0/specifications/polyglot-0.3.3.gemspec
I, [2014-01-04T22:02:43.235175 #2328]  INFO -- : 0:  treetop (1.4.15) from /Library/Ruby/Gems/2.0.0/specifications/treetop-1.4.15.gemspec
I, [2014-01-04T22:02:43.235524 #2328]  INFO -- : 0:  mail (2.5.4) from /Library/Ruby/Gems/2.0.0/specifications/mail-2.5.4.gemspec
I, [2014-01-04T22:02:43.235864 #2328]  INFO -- : 0:  actionmailer (4.0.2) from /Library/Ruby/Gems/2.0.0/specifications/actionmailer-4.0.2.gemspec
I, [2014-01-04T22:02:43.236225 #2328]  INFO -- : 0:  activemodel (4.0.2) from /Library/Ruby/Gems/2.0.0/specifications/activemodel-4.0.2.gemspec
I, [2014-01-04T22:02:43.236591 #2328]  INFO -- : 0:  activerecord-deprecated_finders (1.0.3) from /Library/Ruby/Gems/2.0.0/specifications/activerecord-deprecated_finders-1.0.3.gemspec
I, [2014-01-04T22:02:43.236951 #2328]  INFO -- : 0:  arel (4.0.1) from /Library/Ruby/Gems/2.0.0/specifications/arel-4.0.1.gemspec
I, [2014-01-04T22:02:43.237305 #2328]  INFO -- : 0:  activerecord (4.0.2) from /Library/Ruby/Gems/2.0.0/specifications/activerecord-4.0.2.gemspec
I, [2014-01-04T22:02:43.238129 #2328]  INFO -- : 0:  bundler (1.5.1) from /Library/Ruby/Gems/2.0.0/specifications/bundler-1.5.1.gemspec
I, [2014-01-04T22:02:43.238520 #2328]  INFO -- : 0:  coffee-script-source (1.6.3) from /Library/Ruby/Gems/2.0.0/specifications/coffee-script-source-1.6.3.gemspec
I, [2014-01-04T22:02:43.238879 #2328]  INFO -- : 0:  execjs (2.0.2) from /Library/Ruby/Gems/2.0.0/specifications/execjs-2.0.2.gemspec
I, [2014-01-04T22:02:43.239280 #2328]  INFO -- : 0:  coffee-script (2.2.0) from /Library/Ruby/Gems/2.0.0/specifications/coffee-script-2.2.0.gemspec
I, [2014-01-04T22:02:43.239662 #2328]  INFO -- : 0:  thor (0.18.1) from /Library/Ruby/Gems/2.0.0/specifications/thor-0.18.1.gemspec
I, [2014-01-04T22:02:43.240148 #2328]  INFO -- : 0:  railties (4.0.2) from /Library/Ruby/Gems/2.0.0/specifications/railties-4.0.2.gemspec
I, [2014-01-04T22:02:43.240531 #2328]  INFO -- : 0:  coffee-rails (4.0.1) from /Library/Ruby/Gems/2.0.0/specifications/coffee-rails-4.0.1.gemspec
I, [2014-01-04T22:02:43.240899 #2328]  INFO -- : 0:  hike (1.2.3) from /Library/Ruby/Gems/2.0.0/specifications/hike-1.2.3.gemspec
I, [2014-01-04T22:02:43.241274 #2328]  INFO -- : 0:  jbuilder (1.0.2) from /Library/Ruby/Gems/2.0.0/specifications/jbuilder-1.0.2.gemspec
I, [2014-01-04T22:02:43.241641 #2328]  INFO -- : 0:  jquery-rails (3.0.4) from /Library/Ruby/Gems/2.0.0/specifications/jquery-rails-3.0.4.gemspec
I, [2014-01-04T22:02:43.242024 #2328]  INFO -- : 0:  json (1.8.1) from /Library/Ruby/Gems/2.0.0/specifications/json-1.8.1.gemspec
I, [2014-01-04T22:02:43.242387 #2328]  INFO -- : 0:  tilt (1.4.1) from /Library/Ruby/Gems/2.0.0/specifications/tilt-1.4.1.gemspec
I, [2014-01-04T22:02:43.242790 #2328]  INFO -- : 0:  sprockets (2.10.1) from /Library/Ruby/Gems/2.0.0/specifications/sprockets-2.10.1.gemspec
I, [2014-01-04T22:02:43.243175 #2328]  INFO -- : 0:  sprockets-rails (2.0.1) from /Library/Ruby/Gems/2.0.0/specifications/sprockets-rails-2.0.1.gemspec
I, [2014-01-04T22:02:43.243520 #2328]  INFO -- : 0:  rails (4.0.2) from /Library/Ruby/Gems/2.0.0/specifications/rails-4.0.2.gemspec
I, [2014-01-04T22:02:43.243892 #2328]  INFO -- : 0:  rdoc (3.12.2) from /Library/Ruby/Gems/2.0.0/specifications/rdoc-3.12.2.gemspec
I, [2014-01-04T22:02:43.244267 #2328]  INFO -- : 0:  sass (3.2.13) from /Library/Ruby/Gems/2.0.0/specifications/sass-3.2.13.gemspec
I, [2014-01-04T22:02:43.244653 #2328]  INFO -- : 0:  sass-rails (4.0.1) from /Library/Ruby/Gems/2.0.0/specifications/sass-rails-4.0.1.gemspec
I, [2014-01-04T22:02:43.245018 #2328]  INFO -- : 0:  sdoc (0.3.20) from /Library/Ruby/Gems/2.0.0/specifications/sdoc-0.3.20.gemspec
I, [2014-01-04T22:02:43.245390 #2328]  INFO -- : 0:  sqlite3 (1.3.8) from /Library/Ruby/Gems/2.0.0/specifications/sqlite3-1.3.8.gemspec
I, [2014-01-04T22:02:43.245793 #2328]  INFO -- : 0:  turbolinks (1.1.1) from /Library/Ruby/Gems/2.0.0/specifications/turbolinks-1.1.1.gemspec
I, [2014-01-04T22:02:43.246154 #2328]  INFO -- : 0:  uglifier (2.1.1) from /Library/Ruby/Gems/2.0.0/specifications/uglifier-2.1.1.gemspec
